2023-02-21 09:02:32,163 INFO org.springframework.test.context.support.AbstractTestContextBootstrapper [main] Neither @ContextConfiguration nor @ContextHierarchy found for test class [fr.ans.psc.dam.api.APICasPassantTest], using SpringBootContextLoader
2023-02-21 09:02:32,190 INFO org.springframework.test.context.support.AbstractContextLoader [main] Could not detect default resource locations for test class [fr.ans.psc.dam.api.APICasPassantTest]: no resource found for suffixes {-context.xml, Context.groovy}.
2023-02-21 09:02:32,191 INFO org.springframework.test.context.support.AnnotationConfigContextLoaderUtils [main] Could not detect default configuration classes for test class [fr.ans.psc.dam.api.APICasPassantTest]: APICasPassantTest does not declare any static, non-private, non-final, nested classes annotated with @Configuration.
2023-02-21 09:02:32,484 INFO org.springframework.boot.test.context.SpringBootTestContextBootstrapper [main] Found @SpringBootConfiguration fr.ans.psc.dam.OpenAPI2SpringBoot for test class fr.ans.psc.dam.api.APICasPassantTest
2023-02-21 09:02:32,646 INFO org.springframework.test.context.support.AbstractTestContextBootstrapper [main] Loaded default TestExecutionListener class names from location [META-INF/spring.factories]: [org.springframework.boot.test.mock.mockito.MockitoTestExecutionListener, org.springframework.boot.test.mock.mockito.ResetMocksTestExecutionListener, org.springframework.boot.test.autoconfigure.restdocs.RestDocsTestExecutionListener, org.springframework.boot.test.autoconfigure.web.client.MockRestServiceServerResetTestExecutionListener, org.springframework.boot.test.autoconfigure.web.servlet.MockMvcPrintOnlyOnFailureTestExecutionListener, org.springframework.boot.test.autoconfigure.web.servlet.WebDriverTestExecutionListener, org.springframework.boot.test.autoconfigure.webservices.client.MockWebServiceServerTestExecutionListener, org.springframework.test.context.web.ServletTestExecutionListener, org.springframework.test.context.support.DirtiesContextBeforeModesTestExecutionListener, org.springframework.test.context.event.ApplicationEventsTestExecutionListener, org.springframework.test.context.support.DependencyInjectionTestExecutionListener, org.springframework.test.context.support.DirtiesContextTestExecutionListener, org.springframework.test.context.transaction.TransactionalTestExecutionListener, org.springframework.test.context.jdbc.SqlScriptsTestExecutionListener, org.springframework.test.context.event.EventPublishingTestExecutionListener]
2023-02-21 09:02:32,681 INFO org.springframework.test.context.support.AbstractTestContextBootstrapper [main] Using TestExecutionListeners: [org.springframework.test.context.web.ServletTestExecutionListener@5d3d5242, org.springframework.test.context.support.DirtiesContextBeforeModesTestExecutionListener@1a5c0b8, org.springframework.test.context.event.ApplicationEventsTestExecutionListener@6894436e, org.springframework.boot.test.mock.mockito.MockitoTestExecutionListener@3f2feab7, org.springframework.boot.test.autoconfigure.SpringBootDependencyInjectionTestExecutionListener@8b71052, org.springframework.test.context.support.DirtiesContextTestExecutionListener@2738a1fc, org.springframework.test.context.transaction.TransactionalTestExecutionListener@6d7d0946, org.springframework.test.context.jdbc.SqlScriptsTestExecutionListener@2dc72c0c, org.springframework.test.context.event.EventPublishingTestExecutionListener@1dc28c66, org.springframework.boot.test.mock.mockito.ResetMocksTestExecutionListener@7f97e963, org.springframework.boot.test.autoconfigure.restdocs.RestDocsTestExecutionListener@7a25f8ee, org.springframework.boot.test.autoconfigure.web.client.MockRestServiceServerResetTestExecutionListener@6e161cea, org.springframework.boot.test.autoconfigure.web.servlet.MockMvcPrintOnlyOnFailureTestExecutionListener@673e1cf2, org.springframework.boot.test.autoconfigure.web.servlet.WebDriverTestExecutionListener@27a23d87, org.springframework.boot.test.autoconfigure.webservices.client.MockWebServiceServerTestExecutionListener@72155315]
2023-02-21 09:02:33,361 INFO org.springframework.boot.StartupInfoLogger [main] Starting APICasPassantTest using Java 11.0.2 on NXQLX304 with PID 13092 (started by cjuillard in C:\Users\cjuillard\Documents\POCs_scaleway\newrepo\proof-of-concept\dam\psc-dam-api\dam-api)
2023-02-21 09:02:33,362 DEBUG org.springframework.boot.StartupInfoLogger [main] Running with Spring Boot v2.5.7, Spring v5.3.13
2023-02-21 09:02:33,363 INFO org.springframework.boot.SpringApplication [main] The following profiles are active: test-withgravitee
2023-02-21 09:02:37,958 INFO org.springframework.mock.web.MockServletContext [main] Initializing Spring TestDispatcherServlet ''
2023-02-21 09:02:37,960 INFO org.springframework.web.servlet.FrameworkServlet [main] Initializing Servlet ''
2023-02-21 09:02:37,962 INFO org.springframework.web.servlet.FrameworkServlet [main] Completed initialization in 2 ms
2023-02-21 09:02:38,436 INFO org.springframework.boot.StartupInfoLogger [main] Started APICasPassantTest in 5.395 seconds (JVM running for 7.841)
2023-02-21 09:02:38,441 INFO fr.ans.psc.dam.util.Startup [main] Chargement des nomenclatures
2023-02-21 09:02:38,442 INFO fr.ans.psc.dam.util.Startup [main] 	 N_TYP_ID_PM.size 8: 
2023-02-21 09:02:38,445 INFO fr.ans.psc.dam.util.Startup [main] 	 N_CODE_SPECIALITE.size 64: 
2023-02-21 09:02:38,446 INFO fr.ans.psc.dam.util.Startup [main] 	 ...
2023-02-21 09:02:38,446 INFO fr.ans.psc.dam.util.Startup [main] Fin de chargement des nomenclatures:
2023-02-21 09:02:38,539 INFO org.springframework.mock.web.MockServletContext [main] Initializing Spring TestDispatcherServlet ''
2023-02-21 09:02:38,541 INFO org.springframework.web.servlet.FrameworkServlet [main] Initializing Servlet ''
2023-02-21 09:02:38,541 INFO org.springframework.web.servlet.FrameworkServlet [main] Completed initialization in 0 ms
2023-02-21 09:02:38,683 INFO org.springframework.mock.web.MockServletContext [main] Initializing Spring TestDispatcherServlet ''
2023-02-21 09:02:38,684 INFO org.springframework.web.servlet.FrameworkServlet [main] Initializing Servlet ''
2023-02-21 09:02:38,685 INFO org.springframework.web.servlet.FrameworkServlet [main] Completed initialization in 1 ms
2023-02-21 09:02:38,702 INFO org.springframework.mock.web.MockServletContext [main] Initializing Spring TestDispatcherServlet ''
2023-02-21 09:02:38,702 INFO org.springframework.web.servlet.FrameworkServlet [main] Initializing Servlet ''
2023-02-21 09:02:38,703 INFO org.springframework.web.servlet.FrameworkServlet [main] Completed initialization in 1 ms
2023-02-21 09:02:38,719 INFO org.springframework.mock.web.MockServletContext [main] Initializing Spring TestDispatcherServlet ''
2023-02-21 09:02:38,720 INFO org.springframework.web.servlet.FrameworkServlet [main] Initializing Servlet ''
2023-02-21 09:02:38,721 INFO org.springframework.web.servlet.FrameworkServlet [main] Completed initialization in 1 ms
2023-02-21 09:02:38,739 INFO org.springframework.mock.web.MockServletContext [main] Initializing Spring TestDispatcherServlet ''
2023-02-21 09:02:38,740 INFO org.springframework.web.servlet.FrameworkServlet [main] Initializing Servlet ''
2023-02-21 09:02:38,741 INFO org.springframework.web.servlet.FrameworkServlet [main] Completed initialization in 1 ms
2023-02-21 09:02:38,759 INFO org.springframework.mock.web.MockServletContext [main] Initializing Spring TestDispatcherServlet ''
2023-02-21 09:02:38,759 INFO org.springframework.web.servlet.FrameworkServlet [main] Initializing Servlet ''
2023-02-21 09:02:38,762 INFO org.springframework.web.servlet.FrameworkServlet [main] Completed initialization in 3 ms
2023-02-21 09:02:38,783 INFO org.springframework.test.context.support.AbstractTestContextBootstrapper [main] Neither @ContextConfiguration nor @ContextHierarchy found for test class [fr.ans.psc.dam.api.called.BackEndCallTest], using SpringBootContextLoader
2023-02-21 09:02:38,785 INFO org.springframework.test.context.support.AbstractContextLoader [main] Could not detect default resource locations for test class [fr.ans.psc.dam.api.called.BackEndCallTest]: no resource found for suffixes {-context.xml, Context.groovy}.
2023-02-21 09:02:38,786 INFO org.springframework.test.context.support.AnnotationConfigContextLoaderUtils [main] Could not detect default configuration classes for test class [fr.ans.psc.dam.api.called.BackEndCallTest]: BackEndCallTest does not declare any static, non-private, non-final, nested classes annotated with @Configuration.
2023-02-21 09:02:38,800 INFO org.springframework.boot.test.context.SpringBootTestContextBootstrapper [main] Found @SpringBootConfiguration fr.ans.psc.dam.OpenAPI2SpringBoot for test class fr.ans.psc.dam.api.called.BackEndCallTest
2023-02-21 09:02:38,803 INFO org.springframework.test.context.support.AbstractTestContextBootstrapper [main] Loaded default TestExecutionListener class names from location [META-INF/spring.factories]: [org.springframework.boot.test.mock.mockito.MockitoTestExecutionListener, org.springframework.boot.test.mock.mockito.ResetMocksTestExecutionListener, org.springframework.boot.test.autoconfigure.restdocs.RestDocsTestExecutionListener, org.springframework.boot.test.autoconfigure.web.client.MockRestServiceServerResetTestExecutionListener, org.springframework.boot.test.autoconfigure.web.servlet.MockMvcPrintOnlyOnFailureTestExecutionListener, org.springframework.boot.test.autoconfigure.web.servlet.WebDriverTestExecutionListener, org.springframework.boot.test.autoconfigure.webservices.client.MockWebServiceServerTestExecutionListener, org.springframework.test.context.web.ServletTestExecutionListener, org.springframework.test.context.support.DirtiesContextBeforeModesTestExecutionListener, org.springframework.test.context.event.ApplicationEventsTestExecutionListener, org.springframework.test.context.support.DependencyInjectionTestExecutionListener, org.springframework.test.context.support.DirtiesContextTestExecutionListener, org.springframework.test.context.transaction.TransactionalTestExecutionListener, org.springframework.test.context.jdbc.SqlScriptsTestExecutionListener, org.springframework.test.context.event.EventPublishingTestExecutionListener]
2023-02-21 09:02:38,804 INFO org.springframework.test.context.support.AbstractTestContextBootstrapper [main] Using TestExecutionListeners: [org.springframework.test.context.web.ServletTestExecutionListener@50a3626d, org.springframework.test.context.support.DirtiesContextBeforeModesTestExecutionListener@7856e1fc, org.springframework.test.context.event.ApplicationEventsTestExecutionListener@47cb2624, org.springframework.boot.test.mock.mockito.MockitoTestExecutionListener@1ed69036, org.springframework.boot.test.autoconfigure.SpringBootDependencyInjectionTestExecutionListener@552d398b, org.springframework.test.context.support.DirtiesContextTestExecutionListener@1a3b7bd3, org.springframework.test.context.transaction.TransactionalTestExecutionListener@4df94b6, org.springframework.test.context.jdbc.SqlScriptsTestExecutionListener@2ea2f33b, org.springframework.test.context.event.EventPublishingTestExecutionListener@12ff6605, org.springframework.boot.test.mock.mockito.ResetMocksTestExecutionListener@535b626a, org.springframework.boot.test.autoconfigure.restdocs.RestDocsTestExecutionListener@2b593693, org.springframework.boot.test.autoconfigure.web.client.MockRestServiceServerResetTestExecutionListener@12db23e8, org.springframework.boot.test.autoconfigure.web.servlet.MockMvcPrintOnlyOnFailureTestExecutionListener@7bfdb0f8, org.springframework.boot.test.autoconfigure.web.servlet.WebDriverTestExecutionListener@733dc5df, org.springframework.boot.test.autoconfigure.webservices.client.MockWebServiceServerTestExecutionListener@11329885]
2023-02-21 09:02:38,883 INFO org.springframework.boot.StartupInfoLogger [main] Starting BackEndCallTest using Java 11.0.2 on NXQLX304 with PID 13092 (started by cjuillard in C:\Users\cjuillard\Documents\POCs_scaleway\newrepo\proof-of-concept\dam\psc-dam-api\dam-api)
2023-02-21 09:02:38,884 DEBUG org.springframework.boot.StartupInfoLogger [main] Running with Spring Boot v2.5.7, Spring v5.3.13
2023-02-21 09:02:38,885 INFO org.springframework.boot.SpringApplication [main] The following profiles are active: test-withgravitee
2023-02-21 09:02:40,128 INFO org.springframework.boot.StartupInfoLogger [main] Started BackEndCallTest in 1.319 seconds (JVM running for 9.533)
2023-02-21 09:02:40,131 INFO fr.ans.psc.dam.util.Startup [main] Chargement des nomenclatures
2023-02-21 09:02:40,131 INFO fr.ans.psc.dam.util.Startup [main] 	 N_TYP_ID_PM.size 8: 
2023-02-21 09:02:40,131 INFO fr.ans.psc.dam.util.Startup [main] 	 N_CODE_SPECIALITE.size 64: 
2023-02-21 09:02:40,132 INFO fr.ans.psc.dam.util.Startup [main] 	 ...
2023-02-21 09:02:40,132 INFO fr.ans.psc.dam.util.Startup [main] Fin de chargement des nomenclatures:
2023-02-21 09:02:40,139 DEBUG fr.ans.psc.dam.api.ApiExecutor [main] NationalID peuImporte..., encodedNationalId peuImporte...
2023-02-21 09:02:40,140 ERROR fr.ans.psc.dam.api.ApiExecutor [main] Exception sur la lecture des DAMs wsConf.getDamReaderUrl() :
2023-02-21 09:02:40,172 DEBUG fr.ans.psc.dam.api.ApiExecutor [main]  appel Backend IdStructure, wsConf.getStructureReaderUrl s
2023-02-21 09:28:06,980 INFO org.springframework.test.context.support.AbstractTestContextBootstrapper [main] Neither @ContextConfiguration nor @ContextHierarchy found for test class [fr.ans.psc.dam.api.APICasPassantTest], using SpringBootContextLoader
2023-02-21 09:28:07,002 INFO org.springframework.test.context.support.AbstractContextLoader [main] Could not detect default resource locations for test class [fr.ans.psc.dam.api.APICasPassantTest]: no resource found for suffixes {-context.xml, Context.groovy}.
2023-02-21 09:28:07,003 INFO org.springframework.test.context.support.AnnotationConfigContextLoaderUtils [main] Could not detect default configuration classes for test class [fr.ans.psc.dam.api.APICasPassantTest]: APICasPassantTest does not declare any static, non-private, non-final, nested classes annotated with @Configuration.
2023-02-21 09:28:07,268 INFO org.springframework.boot.test.context.SpringBootTestContextBootstrapper [main] Found @SpringBootConfiguration fr.ans.psc.dam.OpenAPI2SpringBoot for test class fr.ans.psc.dam.api.APICasPassantTest
2023-02-21 09:28:07,420 INFO org.springframework.test.context.support.AbstractTestContextBootstrapper [main] Loaded default TestExecutionListener class names from location [META-INF/spring.factories]: [org.springframework.boot.test.mock.mockito.MockitoTestExecutionListener, org.springframework.boot.test.mock.mockito.ResetMocksTestExecutionListener, org.springframework.boot.test.autoconfigure.restdocs.RestDocsTestExecutionListener, org.springframework.boot.test.autoconfigure.web.client.MockRestServiceServerResetTestExecutionListener, org.springframework.boot.test.autoconfigure.web.servlet.MockMvcPrintOnlyOnFailureTestExecutionListener, org.springframework.boot.test.autoconfigure.web.servlet.WebDriverTestExecutionListener, org.springframework.boot.test.autoconfigure.webservices.client.MockWebServiceServerTestExecutionListener, org.springframework.test.context.web.ServletTestExecutionListener, org.springframework.test.context.support.DirtiesContextBeforeModesTestExecutionListener, org.springframework.test.context.event.ApplicationEventsTestExecutionListener, org.springframework.test.context.support.DependencyInjectionTestExecutionListener, org.springframework.test.context.support.DirtiesContextTestExecutionListener, org.springframework.test.context.transaction.TransactionalTestExecutionListener, org.springframework.test.context.jdbc.SqlScriptsTestExecutionListener, org.springframework.test.context.event.EventPublishingTestExecutionListener]
2023-02-21 09:28:07,443 INFO org.springframework.test.context.support.AbstractTestContextBootstrapper [main] Using TestExecutionListeners: [org.springframework.test.context.web.ServletTestExecutionListener@5d3d5242, org.springframework.test.context.support.DirtiesContextBeforeModesTestExecutionListener@1a5c0b8, org.springframework.test.context.event.ApplicationEventsTestExecutionListener@6894436e, org.springframework.boot.test.mock.mockito.MockitoTestExecutionListener@3f2feab7, org.springframework.boot.test.autoconfigure.SpringBootDependencyInjectionTestExecutionListener@8b71052, org.springframework.test.context.support.DirtiesContextTestExecutionListener@2738a1fc, org.springframework.test.context.transaction.TransactionalTestExecutionListener@6d7d0946, org.springframework.test.context.jdbc.SqlScriptsTestExecutionListener@2dc72c0c, org.springframework.test.context.event.EventPublishingTestExecutionListener@1dc28c66, org.springframework.boot.test.mock.mockito.ResetMocksTestExecutionListener@7f97e963, org.springframework.boot.test.autoconfigure.restdocs.RestDocsTestExecutionListener@7a25f8ee, org.springframework.boot.test.autoconfigure.web.client.MockRestServiceServerResetTestExecutionListener@6e161cea, org.springframework.boot.test.autoconfigure.web.servlet.MockMvcPrintOnlyOnFailureTestExecutionListener@673e1cf2, org.springframework.boot.test.autoconfigure.web.servlet.WebDriverTestExecutionListener@27a23d87, org.springframework.boot.test.autoconfigure.webservices.client.MockWebServiceServerTestExecutionListener@72155315]
2023-02-21 09:28:08,093 INFO org.springframework.boot.StartupInfoLogger [main] Starting APICasPassantTest using Java 11.0.2 on NXQLX304 with PID 1504 (started by cjuillard in C:\Users\cjuillard\Documents\POCs_scaleway\newrepo\proof-of-concept\dam\psc-dam-api\dam-api)
2023-02-21 09:28:08,094 DEBUG org.springframework.boot.StartupInfoLogger [main] Running with Spring Boot v2.5.7, Spring v5.3.13
2023-02-21 09:28:08,094 INFO org.springframework.boot.SpringApplication [main] The following profiles are active: test-withgravitee
2023-02-21 09:28:12,298 INFO org.springframework.mock.web.MockServletContext [main] Initializing Spring TestDispatcherServlet ''
2023-02-21 09:28:12,299 INFO org.springframework.web.servlet.FrameworkServlet [main] Initializing Servlet ''
2023-02-21 09:28:12,302 INFO org.springframework.web.servlet.FrameworkServlet [main] Completed initialization in 2 ms
2023-02-21 09:28:12,808 INFO org.springframework.boot.StartupInfoLogger [main] Started APICasPassantTest in 5.02 seconds (JVM running for 7.238)
2023-02-21 09:28:12,812 INFO fr.ans.psc.dam.util.Startup [main] Chargement des nomenclatures
2023-02-21 09:28:12,815 INFO fr.ans.psc.dam.util.Startup [main] 	 N_TYP_ID_PM.size 8: 
2023-02-21 09:28:12,818 INFO fr.ans.psc.dam.util.Startup [main] 	 N_CODE_SPECIALITE.size 64: 
2023-02-21 09:28:12,818 INFO fr.ans.psc.dam.util.Startup [main] 	 ...
2023-02-21 09:28:12,819 INFO fr.ans.psc.dam.util.Startup [main] Fin de chargement des nomenclatures:
2023-02-21 09:28:12,923 INFO org.springframework.mock.web.MockServletContext [main] Initializing Spring TestDispatcherServlet ''
2023-02-21 09:28:12,923 INFO org.springframework.web.servlet.FrameworkServlet [main] Initializing Servlet ''
2023-02-21 09:28:12,925 INFO org.springframework.web.servlet.FrameworkServlet [main] Completed initialization in 1 ms
2023-02-21 09:28:13,085 INFO org.springframework.mock.web.MockServletContext [main] Initializing Spring TestDispatcherServlet ''
2023-02-21 09:28:13,086 INFO org.springframework.web.servlet.FrameworkServlet [main] Initializing Servlet ''
2023-02-21 09:28:13,088 INFO org.springframework.web.servlet.FrameworkServlet [main] Completed initialization in 1 ms
2023-02-21 09:28:13,109 INFO org.springframework.mock.web.MockServletContext [main] Initializing Spring TestDispatcherServlet ''
2023-02-21 09:28:13,110 INFO org.springframework.web.servlet.FrameworkServlet [main] Initializing Servlet ''
2023-02-21 09:28:13,111 INFO org.springframework.web.servlet.FrameworkServlet [main] Completed initialization in 1 ms
2023-02-21 09:28:13,128 INFO org.springframework.mock.web.MockServletContext [main] Initializing Spring TestDispatcherServlet ''
2023-02-21 09:28:13,128 INFO org.springframework.web.servlet.FrameworkServlet [main] Initializing Servlet ''
2023-02-21 09:28:13,129 INFO org.springframework.web.servlet.FrameworkServlet [main] Completed initialization in 0 ms
2023-02-21 09:28:13,149 INFO org.springframework.mock.web.MockServletContext [main] Initializing Spring TestDispatcherServlet ''
2023-02-21 09:28:13,151 INFO org.springframework.web.servlet.FrameworkServlet [main] Initializing Servlet ''
2023-02-21 09:28:13,153 INFO org.springframework.web.servlet.FrameworkServlet [main] Completed initialization in 2 ms
2023-02-21 09:28:13,177 INFO org.springframework.mock.web.MockServletContext [main] Initializing Spring TestDispatcherServlet ''
2023-02-21 09:28:13,178 INFO org.springframework.web.servlet.FrameworkServlet [main] Initializing Servlet ''
2023-02-21 09:28:13,180 INFO org.springframework.web.servlet.FrameworkServlet [main] Completed initialization in 2 ms
2023-02-21 09:28:13,215 INFO org.springframework.test.context.support.AbstractTestContextBootstrapper [main] Neither @ContextConfiguration nor @ContextHierarchy found for test class [fr.ans.psc.dam.api.called.BackEndCallTest], using SpringBootContextLoader
2023-02-21 09:28:13,217 INFO org.springframework.test.context.support.AbstractContextLoader [main] Could not detect default resource locations for test class [fr.ans.psc.dam.api.called.BackEndCallTest]: no resource found for suffixes {-context.xml, Context.groovy}.
2023-02-21 09:28:13,218 INFO org.springframework.test.context.support.AnnotationConfigContextLoaderUtils [main] Could not detect default configuration classes for test class [fr.ans.psc.dam.api.called.BackEndCallTest]: BackEndCallTest does not declare any static, non-private, non-final, nested classes annotated with @Configuration.
2023-02-21 09:28:13,230 INFO org.springframework.boot.test.context.SpringBootTestContextBootstrapper [main] Found @SpringBootConfiguration fr.ans.psc.dam.OpenAPI2SpringBoot for test class fr.ans.psc.dam.api.called.BackEndCallTest
2023-02-21 09:28:13,233 INFO org.springframework.test.context.support.AbstractTestContextBootstrapper [main] Loaded default TestExecutionListener class names from location [META-INF/spring.factories]: [org.springframework.boot.test.mock.mockito.MockitoTestExecutionListener, org.springframework.boot.test.mock.mockito.ResetMocksTestExecutionListener, org.springframework.boot.test.autoconfigure.restdocs.RestDocsTestExecutionListener, org.springframework.boot.test.autoconfigure.web.client.MockRestServiceServerResetTestExecutionListener, org.springframework.boot.test.autoconfigure.web.servlet.MockMvcPrintOnlyOnFailureTestExecutionListener, org.springframework.boot.test.autoconfigure.web.servlet.WebDriverTestExecutionListener, org.springframework.boot.test.autoconfigure.webservices.client.MockWebServiceServerTestExecutionListener, org.springframework.test.context.web.ServletTestExecutionListener, org.springframework.test.context.support.DirtiesContextBeforeModesTestExecutionListener, org.springframework.test.context.event.ApplicationEventsTestExecutionListener, org.springframework.test.context.support.DependencyInjectionTestExecutionListener, org.springframework.test.context.support.DirtiesContextTestExecutionListener, org.springframework.test.context.transaction.TransactionalTestExecutionListener, org.springframework.test.context.jdbc.SqlScriptsTestExecutionListener, org.springframework.test.context.event.EventPublishingTestExecutionListener]
2023-02-21 09:28:13,234 INFO org.springframework.test.context.support.AbstractTestContextBootstrapper [main] Using TestExecutionListeners: [org.springframework.test.context.web.ServletTestExecutionListener@733dc5df, org.springframework.test.context.support.DirtiesContextBeforeModesTestExecutionListener@11329885, org.springframework.test.context.event.ApplicationEventsTestExecutionListener@5abd3d28, org.springframework.boot.test.mock.mockito.MockitoTestExecutionListener@4c513cf7, org.springframework.boot.test.autoconfigure.SpringBootDependencyInjectionTestExecutionListener@515f0b9f, org.springframework.test.context.support.DirtiesContextTestExecutionListener@542c5781, org.springframework.test.context.transaction.TransactionalTestExecutionListener@67cb7451, org.springframework.test.context.jdbc.SqlScriptsTestExecutionListener@22385adb, org.springframework.test.context.event.EventPublishingTestExecutionListener@b12bef0, org.springframework.boot.test.mock.mockito.ResetMocksTestExecutionListener@3db4604c, org.springframework.boot.test.autoconfigure.restdocs.RestDocsTestExecutionListener@161e257, org.springframework.boot.test.autoconfigure.web.client.MockRestServiceServerResetTestExecutionListener@61ef8e22, org.springframework.boot.test.autoconfigure.web.servlet.MockMvcPrintOnlyOnFailureTestExecutionListener@7f1459d1, org.springframework.boot.test.autoconfigure.web.servlet.WebDriverTestExecutionListener@61bce07f, org.springframework.boot.test.autoconfigure.webservices.client.MockWebServiceServerTestExecutionListener@6fc1c545]
2023-02-21 09:28:13,299 INFO org.springframework.boot.StartupInfoLogger [main] Starting BackEndCallTest using Java 11.0.2 on NXQLX304 with PID 1504 (started by cjuillard in C:\Users\cjuillard\Documents\POCs_scaleway\newrepo\proof-of-concept\dam\psc-dam-api\dam-api)
2023-02-21 09:28:13,299 DEBUG org.springframework.boot.StartupInfoLogger [main] Running with Spring Boot v2.5.7, Spring v5.3.13
2023-02-21 09:28:13,300 INFO org.springframework.boot.SpringApplication [main] The following profiles are active: test-withgravitee
2023-02-21 09:28:14,602 INFO org.springframework.boot.StartupInfoLogger [main] Started BackEndCallTest in 1.363 seconds (JVM running for 9.033)
2023-02-21 09:28:14,604 INFO fr.ans.psc.dam.util.Startup [main] Chargement des nomenclatures
2023-02-21 09:28:14,604 INFO fr.ans.psc.dam.util.Startup [main] 	 N_TYP_ID_PM.size 8: 
2023-02-21 09:28:14,605 INFO fr.ans.psc.dam.util.Startup [main] 	 N_CODE_SPECIALITE.size 64: 
2023-02-21 09:28:14,605 INFO fr.ans.psc.dam.util.Startup [main] 	 ...
2023-02-21 09:28:14,606 INFO fr.ans.psc.dam.util.Startup [main] Fin de chargement des nomenclatures:
2023-02-21 09:28:14,610 DEBUG fr.ans.psc.dam.api.ApiExecutor [main] NationalID peuImporte..., encodedNationalId peuImporte...
2023-02-21 09:28:14,612 ERROR fr.ans.psc.dam.api.ApiExecutor [main] Exception sur la lecture des DAMs wsConf.getDamReaderUrl() :
2023-02-21 09:28:14,628 DEBUG fr.ans.psc.dam.api.ApiExecutor [main]  appel Backend IdStructure, wsConf.getStructureReaderUrl s
2023-02-21 09:40:44,165 INFO org.springframework.test.context.support.AbstractTestContextBootstrapper [main] Neither @ContextConfiguration nor @ContextHierarchy found for test class [fr.ans.psc.dam.api.APICasPassantTest], using SpringBootContextLoader
2023-02-21 09:40:44,187 INFO org.springframework.test.context.support.AbstractContextLoader [main] Could not detect default resource locations for test class [fr.ans.psc.dam.api.APICasPassantTest]: no resource found for suffixes {-context.xml, Context.groovy}.
2023-02-21 09:40:44,189 INFO org.springframework.test.context.support.AnnotationConfigContextLoaderUtils [main] Could not detect default configuration classes for test class [fr.ans.psc.dam.api.APICasPassantTest]: APICasPassantTest does not declare any static, non-private, non-final, nested classes annotated with @Configuration.
2023-02-21 09:40:44,454 INFO org.springframework.boot.test.context.SpringBootTestContextBootstrapper [main] Found @SpringBootConfiguration fr.ans.psc.dam.OpenAPI2SpringBoot for test class fr.ans.psc.dam.api.APICasPassantTest
2023-02-21 09:40:44,597 INFO org.springframework.test.context.support.AbstractTestContextBootstrapper [main] Loaded default TestExecutionListener class names from location [META-INF/spring.factories]: [org.springframework.boot.test.mock.mockito.MockitoTestExecutionListener, org.springframework.boot.test.mock.mockito.ResetMocksTestExecutionListener, org.springframework.boot.test.autoconfigure.restdocs.RestDocsTestExecutionListener, org.springframework.boot.test.autoconfigure.web.client.MockRestServiceServerResetTestExecutionListener, org.springframework.boot.test.autoconfigure.web.servlet.MockMvcPrintOnlyOnFailureTestExecutionListener, org.springframework.boot.test.autoconfigure.web.servlet.WebDriverTestExecutionListener, org.springframework.boot.test.autoconfigure.webservices.client.MockWebServiceServerTestExecutionListener, org.springframework.test.context.web.ServletTestExecutionListener, org.springframework.test.context.support.DirtiesContextBeforeModesTestExecutionListener, org.springframework.test.context.event.ApplicationEventsTestExecutionListener, org.springframework.test.context.support.DependencyInjectionTestExecutionListener, org.springframework.test.context.support.DirtiesContextTestExecutionListener, org.springframework.test.context.transaction.TransactionalTestExecutionListener, org.springframework.test.context.jdbc.SqlScriptsTestExecutionListener, org.springframework.test.context.event.EventPublishingTestExecutionListener]
2023-02-21 09:40:44,626 INFO org.springframework.test.context.support.AbstractTestContextBootstrapper [main] Using TestExecutionListeners: [org.springframework.test.context.web.ServletTestExecutionListener@5d3d5242, org.springframework.test.context.support.DirtiesContextBeforeModesTestExecutionListener@1a5c0b8, org.springframework.test.context.event.ApplicationEventsTestExecutionListener@6894436e, org.springframework.boot.test.mock.mockito.MockitoTestExecutionListener@3f2feab7, org.springframework.boot.test.autoconfigure.SpringBootDependencyInjectionTestExecutionListener@8b71052, org.springframework.test.context.support.DirtiesContextTestExecutionListener@2738a1fc, org.springframework.test.context.transaction.TransactionalTestExecutionListener@6d7d0946, org.springframework.test.context.jdbc.SqlScriptsTestExecutionListener@2dc72c0c, org.springframework.test.context.event.EventPublishingTestExecutionListener@1dc28c66, org.springframework.boot.test.mock.mockito.ResetMocksTestExecutionListener@7f97e963, org.springframework.boot.test.autoconfigure.restdocs.RestDocsTestExecutionListener@7a25f8ee, org.springframework.boot.test.autoconfigure.web.client.MockRestServiceServerResetTestExecutionListener@6e161cea, org.springframework.boot.test.autoconfigure.web.servlet.MockMvcPrintOnlyOnFailureTestExecutionListener@673e1cf2, org.springframework.boot.test.autoconfigure.web.servlet.WebDriverTestExecutionListener@27a23d87, org.springframework.boot.test.autoconfigure.webservices.client.MockWebServiceServerTestExecutionListener@72155315]
2023-02-21 09:40:45,238 INFO org.springframework.boot.StartupInfoLogger [main] Starting APICasPassantTest using Java 11.0.2 on NXQLX304 with PID 11604 (started by cjuillard in C:\Users\cjuillard\Documents\POCs_scaleway\newrepo\proof-of-concept\dam\psc-dam-api\dam-api)
2023-02-21 09:40:45,239 DEBUG org.springframework.boot.StartupInfoLogger [main] Running with Spring Boot v2.5.7, Spring v5.3.13
2023-02-21 09:40:45,239 INFO org.springframework.boot.SpringApplication [main] The following profiles are active: test-withgravitee
2023-02-21 09:40:49,609 INFO org.springframework.mock.web.MockServletContext [main] Initializing Spring TestDispatcherServlet ''
2023-02-21 09:40:49,609 INFO org.springframework.web.servlet.FrameworkServlet [main] Initializing Servlet ''
2023-02-21 09:40:49,611 INFO org.springframework.web.servlet.FrameworkServlet [main] Completed initialization in 1 ms
2023-02-21 09:40:50,227 INFO org.springframework.boot.StartupInfoLogger [main] Started APICasPassantTest in 5.285 seconds (JVM running for 7.499)
2023-02-21 09:40:50,234 INFO fr.ans.psc.dam.util.Startup [main] Chargement des nomenclatures
2023-02-21 09:40:50,236 INFO fr.ans.psc.dam.util.Startup [main] 	 N_TYP_ID_PM.size 8: 
2023-02-21 09:40:50,239 INFO fr.ans.psc.dam.util.Startup [main] 	 N_CODE_SPECIALITE.size 64: 
2023-02-21 09:40:50,240 INFO fr.ans.psc.dam.util.Startup [main] 	 ...
2023-02-21 09:40:50,240 INFO fr.ans.psc.dam.util.Startup [main] Fin de chargement des nomenclatures:
2023-02-21 09:40:50,351 INFO org.springframework.mock.web.MockServletContext [main] Initializing Spring TestDispatcherServlet ''
2023-02-21 09:40:50,352 INFO org.springframework.web.servlet.FrameworkServlet [main] Initializing Servlet ''
2023-02-21 09:40:50,354 INFO org.springframework.web.servlet.FrameworkServlet [main] Completed initialization in 2 ms
2023-02-21 09:40:50,527 INFO org.springframework.mock.web.MockServletContext [main] Initializing Spring TestDispatcherServlet ''
2023-02-21 09:40:50,530 INFO org.springframework.web.servlet.FrameworkServlet [main] Initializing Servlet ''
2023-02-21 09:40:50,532 INFO org.springframework.web.servlet.FrameworkServlet [main] Completed initialization in 1 ms
2023-02-21 09:40:50,554 INFO org.springframework.mock.web.MockServletContext [main] Initializing Spring TestDispatcherServlet ''
2023-02-21 09:40:50,554 INFO org.springframework.web.servlet.FrameworkServlet [main] Initializing Servlet ''
2023-02-21 09:40:50,556 INFO org.springframework.web.servlet.FrameworkServlet [main] Completed initialization in 1 ms
2023-02-21 09:40:50,575 INFO org.springframework.mock.web.MockServletContext [main] Initializing Spring TestDispatcherServlet ''
2023-02-21 09:40:50,575 INFO org.springframework.web.servlet.FrameworkServlet [main] Initializing Servlet ''
2023-02-21 09:40:50,576 INFO org.springframework.web.servlet.FrameworkServlet [main] Completed initialization in 1 ms
2023-02-21 09:40:50,595 INFO org.springframework.mock.web.MockServletContext [main] Initializing Spring TestDispatcherServlet ''
2023-02-21 09:40:50,596 INFO org.springframework.web.servlet.FrameworkServlet [main] Initializing Servlet ''
2023-02-21 09:40:50,597 INFO org.springframework.web.servlet.FrameworkServlet [main] Completed initialization in 0 ms
2023-02-21 09:40:50,617 INFO org.springframework.mock.web.MockServletContext [main] Initializing Spring TestDispatcherServlet ''
2023-02-21 09:40:50,617 INFO org.springframework.web.servlet.FrameworkServlet [main] Initializing Servlet ''
2023-02-21 09:40:50,619 INFO org.springframework.web.servlet.FrameworkServlet [main] Completed initialization in 1 ms
2023-02-21 09:40:50,649 INFO org.springframework.test.context.support.AbstractTestContextBootstrapper [main] Neither @ContextConfiguration nor @ContextHierarchy found for test class [fr.ans.psc.dam.api.called.BackEndCallTest], using SpringBootContextLoader
2023-02-21 09:40:50,652 INFO org.springframework.test.context.support.AbstractContextLoader [main] Could not detect default resource locations for test class [fr.ans.psc.dam.api.called.BackEndCallTest]: no resource found for suffixes {-context.xml, Context.groovy}.
2023-02-21 09:40:50,652 INFO org.springframework.test.context.support.AnnotationConfigContextLoaderUtils [main] Could not detect default configuration classes for test class [fr.ans.psc.dam.api.called.BackEndCallTest]: BackEndCallTest does not declare any static, non-private, non-final, nested classes annotated with @Configuration.
2023-02-21 09:40:50,663 INFO org.springframework.boot.test.context.SpringBootTestContextBootstrapper [main] Found @SpringBootConfiguration fr.ans.psc.dam.OpenAPI2SpringBoot for test class fr.ans.psc.dam.api.called.BackEndCallTest
2023-02-21 09:40:50,676 INFO org.springframework.test.context.support.AbstractTestContextBootstrapper [main] Loaded default TestExecutionListener class names from location [META-INF/spring.factories]: [org.springframework.boot.test.mock.mockito.MockitoTestExecutionListener, org.springframework.boot.test.mock.mockito.ResetMocksTestExecutionListener, org.springframework.boot.test.autoconfigure.restdocs.RestDocsTestExecutionListener, org.springframework.boot.test.autoconfigure.web.client.MockRestServiceServerResetTestExecutionListener, org.springframework.boot.test.autoconfigure.web.servlet.MockMvcPrintOnlyOnFailureTestExecutionListener, org.springframework.boot.test.autoconfigure.web.servlet.WebDriverTestExecutionListener, org.springframework.boot.test.autoconfigure.webservices.client.MockWebServiceServerTestExecutionListener, org.springframework.test.context.web.ServletTestExecutionListener, org.springframework.test.context.support.DirtiesContextBeforeModesTestExecutionListener, org.springframework.test.context.event.ApplicationEventsTestExecutionListener, org.springframework.test.context.support.DependencyInjectionTestExecutionListener, org.springframework.test.context.support.DirtiesContextTestExecutionListener, org.springframework.test.context.transaction.TransactionalTestExecutionListener, org.springframework.test.context.jdbc.SqlScriptsTestExecutionListener, org.springframework.test.context.event.EventPublishingTestExecutionListener]
2023-02-21 09:40:50,677 INFO org.springframework.test.context.support.AbstractTestContextBootstrapper [main] Using TestExecutionListeners: [org.springframework.test.context.web.ServletTestExecutionListener@7e66b206, org.springframework.test.context.support.DirtiesContextBeforeModesTestExecutionListener@3921a2dd, org.springframework.test.context.event.ApplicationEventsTestExecutionListener@7af0425b, org.springframework.boot.test.mock.mockito.MockitoTestExecutionListener@47b858bd, org.springframework.boot.test.autoconfigure.SpringBootDependencyInjectionTestExecutionListener@c8534ce, org.springframework.test.context.support.DirtiesContextTestExecutionListener@380648c9, org.springframework.test.context.transaction.TransactionalTestExecutionListener@409c2708, org.springframework.test.context.jdbc.SqlScriptsTestExecutionListener@45e4f216, org.springframework.test.context.event.EventPublishingTestExecutionListener@60e28d20, org.springframework.boot.test.mock.mockito.ResetMocksTestExecutionListener@6a28d1f5, org.springframework.boot.test.autoconfigure.restdocs.RestDocsTestExecutionListener@4bad1fdf, org.springframework.boot.test.autoconfigure.web.client.MockRestServiceServerResetTestExecutionListener@293b20fe, org.springframework.boot.test.autoconfigure.web.servlet.MockMvcPrintOnlyOnFailureTestExecutionListener@5d443374, org.springframework.boot.test.autoconfigure.web.servlet.WebDriverTestExecutionListener@71cfe650, org.springframework.boot.test.autoconfigure.webservices.client.MockWebServiceServerTestExecutionListener@52bf5c51]
2023-02-21 09:40:50,727 INFO org.springframework.boot.StartupInfoLogger [main] Starting BackEndCallTest using Java 11.0.2 on NXQLX304 with PID 11604 (started by cjuillard in C:\Users\cjuillard\Documents\POCs_scaleway\newrepo\proof-of-concept\dam\psc-dam-api\dam-api)
2023-02-21 09:40:50,727 DEBUG org.springframework.boot.StartupInfoLogger [main] Running with Spring Boot v2.5.7, Spring v5.3.13
2023-02-21 09:40:50,728 INFO org.springframework.boot.SpringApplication [main] The following profiles are active: test-withgravitee
2023-02-21 09:40:52,217 INFO org.springframework.boot.StartupInfoLogger [main] Started BackEndCallTest in 1.535 seconds (JVM running for 9.489)
2023-02-21 09:40:52,220 INFO fr.ans.psc.dam.util.Startup [main] Chargement des nomenclatures
2023-02-21 09:40:52,221 INFO fr.ans.psc.dam.util.Startup [main] 	 N_TYP_ID_PM.size 8: 
2023-02-21 09:40:52,221 INFO fr.ans.psc.dam.util.Startup [main] 	 N_CODE_SPECIALITE.size 64: 
2023-02-21 09:40:52,222 INFO fr.ans.psc.dam.util.Startup [main] 	 ...
2023-02-21 09:40:52,222 INFO fr.ans.psc.dam.util.Startup [main] Fin de chargement des nomenclatures:
2023-02-21 09:40:52,233 DEBUG fr.ans.psc.dam.api.ApiExecutor [main] NationalID peuImporte..., encodedNationalId peuImporte...
2023-02-21 09:40:52,235 ERROR fr.ans.psc.dam.api.ApiExecutor [main] Exception sur la lecture des DAMs wsConf.getDamReaderUrl() :
2023-02-21 09:40:52,261 DEBUG fr.ans.psc.dam.api.ApiExecutor [main]  appel Backend IdStructure, wsConf.getStructureReaderUrl s
2023-02-21 14:09:28,215 INFO org.springframework.test.context.support.AbstractTestContextBootstrapper [main] Neither @ContextConfiguration nor @ContextHierarchy found for test class [fr.ans.psc.dam.api.called.BackEndCallTest], using SpringBootContextLoader
2023-02-21 14:09:28,235 INFO org.springframework.test.context.support.AbstractContextLoader [main] Could not detect default resource locations for test class [fr.ans.psc.dam.api.called.BackEndCallTest]: no resource found for suffixes {-context.xml, Context.groovy}.
2023-02-21 14:09:28,237 INFO org.springframework.test.context.support.AnnotationConfigContextLoaderUtils [main] Could not detect default configuration classes for test class [fr.ans.psc.dam.api.called.BackEndCallTest]: BackEndCallTest does not declare any static, non-private, non-final, nested classes annotated with @Configuration.
2023-02-21 14:09:28,478 INFO org.springframework.boot.test.context.SpringBootTestContextBootstrapper [main] Found @SpringBootConfiguration fr.ans.psc.dam.OpenAPI2SpringBoot for test class fr.ans.psc.dam.api.called.BackEndCallTest
2023-02-21 14:09:28,625 INFO org.springframework.test.context.support.AbstractTestContextBootstrapper [main] Loaded default TestExecutionListener class names from location [META-INF/spring.factories]: [org.springframework.boot.test.mock.mockito.MockitoTestExecutionListener, org.springframework.boot.test.mock.mockito.ResetMocksTestExecutionListener, org.springframework.boot.test.autoconfigure.restdocs.RestDocsTestExecutionListener, org.springframework.boot.test.autoconfigure.web.client.MockRestServiceServerResetTestExecutionListener, org.springframework.boot.test.autoconfigure.web.servlet.MockMvcPrintOnlyOnFailureTestExecutionListener, org.springframework.boot.test.autoconfigure.web.servlet.WebDriverTestExecutionListener, org.springframework.boot.test.autoconfigure.webservices.client.MockWebServiceServerTestExecutionListener, org.springframework.test.context.web.ServletTestExecutionListener, org.springframework.test.context.support.DirtiesContextBeforeModesTestExecutionListener, org.springframework.test.context.event.ApplicationEventsTestExecutionListener, org.springframework.test.context.support.DependencyInjectionTestExecutionListener, org.springframework.test.context.support.DirtiesContextTestExecutionListener, org.springframework.test.context.transaction.TransactionalTestExecutionListener, org.springframework.test.context.jdbc.SqlScriptsTestExecutionListener, org.springframework.test.context.event.EventPublishingTestExecutionListener]
2023-02-21 14:09:28,663 INFO org.springframework.test.context.support.AbstractTestContextBootstrapper [main] Using TestExecutionListeners: [org.springframework.test.context.web.ServletTestExecutionListener@5f69462f, org.springframework.test.context.support.DirtiesContextBeforeModesTestExecutionListener@432b883, org.springframework.test.context.event.ApplicationEventsTestExecutionListener@f09c282, org.springframework.boot.test.mock.mockito.MockitoTestExecutionListener@560c3758, org.springframework.boot.test.autoconfigure.SpringBootDependencyInjectionTestExecutionListener@43414b88, org.springframework.test.context.support.DirtiesContextTestExecutionListener@52a605c3, org.springframework.test.context.transaction.TransactionalTestExecutionListener@13fad0c7, org.springframework.test.context.jdbc.SqlScriptsTestExecutionListener@24fb8317, org.springframework.test.context.event.EventPublishingTestExecutionListener@6d2f910b, org.springframework.boot.test.mock.mockito.ResetMocksTestExecutionListener@f451970, org.springframework.boot.test.autoconfigure.restdocs.RestDocsTestExecutionListener@4a7c8cb7, org.springframework.boot.test.autoconfigure.web.client.MockRestServiceServerResetTestExecutionListener@32675dd4, org.springframework.boot.test.autoconfigure.web.servlet.MockMvcPrintOnlyOnFailureTestExecutionListener@2351255a, org.springframework.boot.test.autoconfigure.web.servlet.WebDriverTestExecutionListener@4f836d9, org.springframework.boot.test.autoconfigure.webservices.client.MockWebServiceServerTestExecutionListener@2a4f1bc5]
2023-02-21 14:09:29,058 INFO org.springframework.boot.StartupInfoLogger [main] Starting BackEndCallTest using Java 11.0.2 on NXQLX304 with PID 15812 (started by cjuillard in C:\Users\cjuillard\Documents\POCs_scaleway\newrepo\proof-of-concept\dam\psc-dam-api\dam-api)
2023-02-21 14:09:29,059 DEBUG org.springframework.boot.StartupInfoLogger [main] Running with Spring Boot v2.5.7, Spring v5.3.13
2023-02-21 14:09:29,060 INFO org.springframework.boot.SpringApplication [main] The following profiles are active: test-withgravitee
2023-02-21 14:09:33,301 INFO org.springframework.boot.StartupInfoLogger [main] Started BackEndCallTest in 4.557 seconds (JVM running for 6.472)
2023-02-21 14:09:33,304 INFO fr.ans.psc.dam.util.Startup [main] Chargement des nomenclatures
2023-02-21 14:09:33,305 INFO fr.ans.psc.dam.util.Startup [main] 	 N_TYP_ID_PM.size 8: 
2023-02-21 14:09:33,307 INFO fr.ans.psc.dam.util.Startup [main] 	 N_CODE_SPECIALITE.size 64: 
2023-02-21 14:09:33,307 INFO fr.ans.psc.dam.util.Startup [main] 	 ...
2023-02-21 14:09:33,308 INFO fr.ans.psc.dam.util.Startup [main] Fin de chargement des nomenclatures:
2023-02-21 14:09:33,467 DEBUG fr.ans.psc.dam.api.ApiExecutor [main] NationalID peuImporte..., encodedNationalId peuImporte...
2023-02-21 14:09:33,469 ERROR fr.ans.psc.dam.api.ApiExecutor [main] Exception sur la lecture des DAMs wsConf.getDamReaderUrl() :
2023-02-21 14:09:33,502 DEBUG fr.ans.psc.dam.api.ApiExecutor [main]  appel Backend IdStructure, wsConf.getStructureReaderUrl s
